Arguments: 
  C:\node\node.exe C:\nvm\nvm\node_global\node_modules\yarn\bin\yarn.js

PATH: 
  C:\Users\z\bin;C:\Program Files\Git\mingw64\bin;C:\Program Files\Git\usr\local\bin;C:\Program Files\Git\usr\bin;C:\Program Files\Git\usr\bin;C:\Program Files\Git\mingw64\bin;C:\Program Files\Git\usr\bin;C:\Users\z\bin;C:\Program Files\ImageMagick-7.0.6-Q16;C:\WINDOWS\system32;C:\WINDOWS;C:\WINDOWS\System32\Wbem;C:\WINDOWS\System32\WindowsPowerShell\v1.0;C:\Python27;C:\WINDOWS\System32\OpenSSH;C:\Program Files\Java\jdk1.8.0_171\bin;C:\Program Files\Java\jdk1.8.0_171\jre\bin;D:\Software\gradle\bin;C:\nvm\nvm;C:\node;C:\nvm\nvm\node_global;C:\Program Files\Git\cmd;C:\Program Files\PuTTY;C:\Program Files\MongoDB\Server\4.0\bin;C:\Program Files (x86)\SMLNJ\bin;C:\Users\z\AppData\Local\Programs\Python\Python35\Scripts;C:\Users\z\AppData\Local\Programs\Python\Python35;C:\Ruby24-x64\bin;C:\Users\z\AppData\Local\Microsoft\WindowsApps;node_global;C:\Program Files\MySQL\MySQL Server 8.0\bin;C:\nvm\nvm;C:\node;D:\Software\fiddle\Fiddler;D:\projects\Microsoft VS Code\bin;C:\Program Files\Git\usr\bin\vendor_perl;C:\Program Files\Git\usr\bin\core_perl

Yarn version: 
  1.10.1

Node version: 
  10.15.1

Platform: 
  win32 x64

Trace: 
  Error: getaddrinfo ENOTFOUND registry.npm.taobao.org registry.npm.taobao.org:443
      at GetAddrInfoReqWrap.onlookup [as oncomplete] (dns.js:57:26)

npm manifest: 
  {
    "name": "simple-react",
    "version": "1.0.0",
    "description": "react",
    "main": "index.js",
    "scripts": {
      "lint-staged": "linted-staged",
      "commit": "git-cz",
      "test": "jest",
      "test:watch": "jest --watch",
      "lint": "eslint --fix . && echo 'Lint complete.'",
      "dev": "parcel index.html",
      "build": "parcel build index.html"
    },
    "keywords": [
      "react"
    ],
    "author": "ChenXiaoyao <chenxiaoyao6228@163.com> (http://www.chenxiaoyao.cn/)",
    "license": "MIT",
    "prettier": {
      "semi": false,
      "singleQuote": true
    },
    "jest": {
      "testEnvironment": "jsdom",
      "testRegex": "/test/.*\\.(test|spec)\\.(js)$",
      "moduleFileExtensions": [
        "js"
      ],
      "coveragePathIgnorePatterns": [
        "/node_modules/",
        "/test/"
      ],
      "coverageThreshold": {
        "global": {
          "branches": 90,
          "functions": 95,
          "lines": 95,
          "statements": 95
        }
      },
      "collectCoverageFrom": [
        "src/*.js",
        "src/**/*.js"
      ]
    },
    "lint-staged": {
      "*.js": [
        "jest --bail --findRelatedTests && echo 'Test complete.'",
        "lint",
        "git add"
      ]
    },
    "husky": {
      "hooks": {
        "pre-commit": "lint-staged",
        "commitmsg": "commitlint -E GIT_PARAMS"
      }
    },
    "commitizen": {
      "path": "./node_modules/cz-conventional-changelog"
    },
    "commitlint": {
      "extends": [
        "@commitlint/config-conventional"
      ]
    },
    "devDependencies": {
      "@babel/core": "^7.6.0",
      "@babel/plugin-proposal-class-properties": "^7.5.5",
      "@babel/plugin-proposal-decorators": "^7.6.0",
      "@babel/plugin-transform-modules-commonjs": "^7.6.0",
      "@babel/plugin-transform-runtime": "^7.6.0",
      "@babel/preset-env": "^7.6.0",
      "@commitlint/cli": "^8.1.0",
      "@commitlint/config-conventional": "^8.1.0",
      "@commitlint/prompt": "~8.1.0",
      "@parcel/logger": "^2.0.0-alpha.2",
      "babel-jest": "^24.9.0",
      "babel-types": "^6.26.0",
      "commitizen": "^4.0.3",
      "cz-conventional-changelog": "~3.0.2",
      "eslint": "^6.4.0",
      "eslint-config-prettier": "^6.3.0",
      "eslint-plugin-babel": "^5.3.0",
      "eslint-plugin-prettier": "^3.1.0",
      "husky": "^3.0.5",
      "jest": "^24.9.0",
      "jest-config": "^24.9.0",
      "lint-staged": "^9.2.5",
      "node-libs-browser": "^2.2.1",
      "parcel-bundler": "^1.12.4",
      "prettier": "^1.18.2"
    }
  }

yarn manifest: 
  No manifest

Lockfile: 
  No lockfile
